************************************************************************************
Time:            23:02:28 
IP:              127.0.0.1 
HOST:            GPK 
Method:          GET 
REQUEST:         /10053 
REFERER:         http://tooezzy.ru/my-calendar 
SCRIPT_FILENAME: Z:/home/tooezzy.ru/www/index.php
PHP FILE:        Z:\home\tooezzy.ru\www\include\ini.users.php
FUNCTION:        ShowHistoryLenta
************************************************************************************
MySQL kod: 1146 
Message:   Table 'discount.discount_users_event' doesn't exist 
************************************************************************************
VARR: 

q=10053

************************************************************************************

************************************************************************************
Time:            23:02:41 
IP:              127.0.0.1 
HOST:            GPK 
Method:          GET 
REQUEST:         /10053 
REFERER:         http://tooezzy.ru/10053 
SCRIPT_FILENAME: Z:/home/tooezzy.ru/www/index.php
PHP FILE:        Z:\home\tooezzy.ru\www\include\ini.users.php
FUNCTION:        ShowHistoryLenta
************************************************************************************
MySQL kod: 1146 
Message:   Table 'discount.discount_users_event' doesn't exist 
************************************************************************************
VARR: 

q=10053

************************************************************************************

************************************************************************************
Time:            23:02:42 
IP:              127.0.0.1 
HOST:            GPK 
Method:          GET 
REQUEST:         /10053 
REFERER:         http://tooezzy.ru/10053 
SCRIPT_FILENAME: Z:/home/tooezzy.ru/www/index.php
PHP FILE:        Z:\home\tooezzy.ru\www\include\ini.users.php
FUNCTION:        ShowHistoryLenta
************************************************************************************
MySQL kod: 1146 
Message:   Table 'discount.discount_users_event' doesn't exist 
************************************************************************************
VARR: 

q=10053

************************************************************************************

************************************************************************************
Time:            23:02:42 
IP:              127.0.0.1 
HOST:            GPK 
Method:          GET 
REQUEST:         /10053 
REFERER:         http://tooezzy.ru/10053 
SCRIPT_FILENAME: Z:/home/tooezzy.ru/www/index.php
PHP FILE:        Z:\home\tooezzy.ru\www\include\ini.users.php
FUNCTION:        ShowHistoryLenta
************************************************************************************
MySQL kod: 1146 
Message:   Table 'discount.discount_users_event' doesn't exist 
************************************************************************************
VARR: 

q=10053

************************************************************************************

************************************************************************************
Time:            23:02:43 
IP:              127.0.0.1 
HOST:            GPK 
Method:          GET 
REQUEST:         /10053 
REFERER:         http://tooezzy.ru/10053 
SCRIPT_FILENAME: Z:/home/tooezzy.ru/www/index.php
PHP FILE:        Z:\home\tooezzy.ru\www\include\ini.users.php
FUNCTION:        ShowHistoryLenta
************************************************************************************
MySQL kod: 1146 
Message:   Table 'discount.discount_users_event' doesn't exist 
************************************************************************************
VARR: 

q=10053

************************************************************************************

************************************************************************************
Time:            23:02:44 
IP:              127.0.0.1 
HOST:            GPK 
Method:          GET 
REQUEST:         /10053 
REFERER:         http://tooezzy.ru/10053 
SCRIPT_FILENAME: Z:/home/tooezzy.ru/www/index.php
PHP FILE:        Z:\home\tooezzy.ru\www\include\ini.users.php
FUNCTION:        ShowHistoryLenta
************************************************************************************
MySQL kod: 1146 
Message:   Table 'discount.discount_users_event' doesn't exist 
************************************************************************************
VARR: 

q=10053

************************************************************************************

************************************************************************************
Time:            23:02:44 
IP:              127.0.0.1 
HOST:            GPK 
Method:          GET 
REQUEST:         /10053 
REFERER:         http://tooezzy.ru/10053 
SCRIPT_FILENAME: Z:/home/tooezzy.ru/www/index.php
PHP FILE:        Z:\home\tooezzy.ru\www\include\ini.users.php
FUNCTION:        ShowHistoryLenta
************************************************************************************
MySQL kod: 1146 
Message:   Table 'discount.discount_users_event' doesn't exist 
************************************************************************************
VARR: 

q=10053

************************************************************************************

************************************************************************************
Time:            23:02:45 
IP:              127.0.0.1 
HOST:            GPK 
Method:          GET 
REQUEST:         /10053 
REFERER:         http://tooezzy.ru/10053 
SCRIPT_FILENAME: Z:/home/tooezzy.ru/www/index.php
PHP FILE:        Z:\home\tooezzy.ru\www\include\ini.users.php
FUNCTION:        ShowHistoryLenta
************************************************************************************
MySQL kod: 1146 
Message:   Table 'discount.discount_users_event' doesn't exist 
************************************************************************************
VARR: 

q=10053

************************************************************************************

************************************************************************************
Time:            23:02:46 
IP:              127.0.0.1 
HOST:            GPK 
Method:          GET 
REQUEST:         /10053 
REFERER:         http://tooezzy.ru/10053 
SCRIPT_FILENAME: Z:/home/tooezzy.ru/www/index.php
PHP FILE:        Z:\home\tooezzy.ru\www\include\ini.users.php
FUNCTION:        ShowHistoryLenta
************************************************************************************
MySQL kod: 1146 
Message:   Table 'discount.discount_users_event' doesn't exist 
************************************************************************************
VARR: 

q=10053

************************************************************************************

************************************************************************************
Time:            23:02:47 
IP:              127.0.0.1 
HOST:            GPK 
Method:          GET 
REQUEST:         /10053 
REFERER:         http://tooezzy.ru/10053 
SCRIPT_FILENAME: Z:/home/tooezzy.ru/www/index.php
PHP FILE:        Z:\home\tooezzy.ru\www\include\ini.users.php
FUNCTION:        ShowHistoryLenta
************************************************************************************
MySQL kod: 1146 
Message:   Table 'discount.discount_users_event' doesn't exist 
************************************************************************************
VARR: 

q=10053

************************************************************************************

************************************************************************************
Time:            23:02:48 
IP:              127.0.0.1 
HOST:            GPK 
Method:          GET 
REQUEST:         /10053 
REFERER:         http://tooezzy.ru/10053 
SCRIPT_FILENAME: Z:/home/tooezzy.ru/www/index.php
PHP FILE:        Z:\home\tooezzy.ru\www\include\ini.users.php
FUNCTION:        ShowHistoryLenta
************************************************************************************
MySQL kod: 1146 
Message:   Table 'discount.discount_users_event' doesn't exist 
************************************************************************************
VARR: 

q=10053

************************************************************************************

************************************************************************************
Time:            23:02:49 
IP:              127.0.0.1 
HOST:            GPK 
Method:          GET 
REQUEST:         /10053 
REFERER:         http://tooezzy.ru/10053 
SCRIPT_FILENAME: Z:/home/tooezzy.ru/www/index.php
PHP FILE:        Z:\home\tooezzy.ru\www\include\ini.users.php
FUNCTION:        ShowHistoryLenta
************************************************************************************
MySQL kod: 1146 
Message:   Table 'discount.discount_users_event' doesn't exist 
************************************************************************************
VARR: 

q=10053

************************************************************************************

************************************************************************************
Time:            23:02:49 
IP:              127.0.0.1 
HOST:            GPK 
Method:          GET 
REQUEST:         /10053 
REFERER:         http://tooezzy.ru/10053 
SCRIPT_FILENAME: Z:/home/tooezzy.ru/www/index.php
PHP FILE:        Z:\home\tooezzy.ru\www\include\ini.users.php
FUNCTION:        ShowHistoryLenta
************************************************************************************
MySQL kod: 1146 
Message:   Table 'discount.discount_users_event' doesn't exist 
************************************************************************************
VARR: 

q=10053

************************************************************************************

************************************************************************************
Time:            23:02:50 
IP:              127.0.0.1 
HOST:            GPK 
Method:          GET 
REQUEST:         /10053 
REFERER:         http://tooezzy.ru/10053 
SCRIPT_FILENAME: Z:/home/tooezzy.ru/www/index.php
PHP FILE:        Z:\home\tooezzy.ru\www\include\ini.users.php
FUNCTION:        ShowHistoryLenta
************************************************************************************
MySQL kod: 1146 
Message:   Table 'discount.discount_users_event' doesn't exist 
************************************************************************************
VARR: 

q=10053

************************************************************************************

************************************************************************************
Time:            23:02:50 
IP:              127.0.0.1 
HOST:            GPK 
Method:          GET 
REQUEST:         /10053 
REFERER:         http://tooezzy.ru/10053 
SCRIPT_FILENAME: Z:/home/tooezzy.ru/www/index.php
PHP FILE:        Z:\home\tooezzy.ru\www\include\ini.users.php
FUNCTION:        ShowHistoryLenta
************************************************************************************
MySQL kod: 1146 
Message:   Table 'discount.discount_users_event' doesn't exist 
************************************************************************************
VARR: 

q=10053

************************************************************************************

************************************************************************************
Time:            23:02:51 
IP:              127.0.0.1 
HOST:            GPK 
Method:          GET 
REQUEST:         /10053 
REFERER:         http://tooezzy.ru/10053 
SCRIPT_FILENAME: Z:/home/tooezzy.ru/www/index.php
PHP FILE:        Z:\home\tooezzy.ru\www\include\ini.users.php
FUNCTION:        ShowHistoryLenta
************************************************************************************
MySQL kod: 1146 
Message:   Table 'discount.discount_users_event' doesn't exist 
************************************************************************************
VARR: 

q=10053

************************************************************************************

************************************************************************************
Time:            23:02:54 
IP:              127.0.0.1 
HOST:            GPK 
Method:          GET 
REQUEST:         /10053 
REFERER:         http://tooezzy.ru/10053 
SCRIPT_FILENAME: Z:/home/tooezzy.ru/www/index.php
PHP FILE:        Z:\home\tooezzy.ru\www\include\ini.users.php
FUNCTION:        ShowHistoryLenta
************************************************************************************
MySQL kod: 1146 
Message:   Table 'discount.discount_users_event' doesn't exist 
************************************************************************************
VARR: 

q=10053

************************************************************************************

************************************************************************************
Time:            23:02:57 
IP:              127.0.0.1 
HOST:            GPK 
Method:          GET 
REQUEST:         /10053 
REFERER:         http://tooezzy.ru/10053 
SCRIPT_FILENAME: Z:/home/tooezzy.ru/www/index.php
PHP FILE:        Z:\home\tooezzy.ru\www\include\ini.users.php
FUNCTION:        ShowHistoryLenta
************************************************************************************
MySQL kod: 1146 
Message:   Table 'discount.discount_users_event' doesn't exist 
************************************************************************************
VARR: 

q=10053

************************************************************************************

************************************************************************************
Time:            23:03:24 
IP:              127.0.0.1 
HOST:            GPK 
Method:          GET 
REQUEST:         /10053 
REFERER:         http://tooezzy.ru/my-calendar 
SCRIPT_FILENAME: Z:/home/tooezzy.ru/www/index.php
PHP FILE:        Z:\home\tooezzy.ru\www\include\ini.users.php
FUNCTION:        ShowHistoryLenta
************************************************************************************
MySQL kod: 1146 
Message:   Table 'discount.discount_users_event' doesn't exist 
************************************************************************************
VARR: 

q=10053

************************************************************************************

************************************************************************************
Time:            23:03:25 
IP:              127.0.0.1 
HOST:            GPK 
Method:          GET 
REQUEST:         /10053 
REFERER:         http://tooezzy.ru/my-calendar 
SCRIPT_FILENAME: Z:/home/tooezzy.ru/www/index.php
PHP FILE:        Z:\home\tooezzy.ru\www\include\ini.users.php
FUNCTION:        ShowHistoryLenta
************************************************************************************
MySQL kod: 1146 
Message:   Table 'discount.discount_users_event' doesn't exist 
************************************************************************************
VARR: 

q=10053

************************************************************************************

************************************************************************************
Time:            23:03:26 
IP:              127.0.0.1 
HOST:            GPK 
Method:          GET 
REQUEST:         /10053 
REFERER:         http://tooezzy.ru/my-calendar 
SCRIPT_FILENAME: Z:/home/tooezzy.ru/www/index.php
PHP FILE:        Z:\home\tooezzy.ru\www\include\ini.users.php
FUNCTION:        ShowHistoryLenta
************************************************************************************
MySQL kod: 1146 
Message:   Table 'discount.discount_users_event' doesn't exist 
************************************************************************************
VARR: 

q=10053

************************************************************************************

************************************************************************************
Time:            23:03:27 
IP:              127.0.0.1 
HOST:            GPK 
Method:          GET 
REQUEST:         /10053 
REFERER:         http://tooezzy.ru/my-calendar 
SCRIPT_FILENAME: Z:/home/tooezzy.ru/www/index.php
PHP FILE:        Z:\home\tooezzy.ru\www\include\ini.users.php
FUNCTION:        ShowHistoryLenta
************************************************************************************
MySQL kod: 1146 
Message:   Table 'discount.discount_users_event' doesn't exist 
************************************************************************************
VARR: 

q=10053

************************************************************************************

************************************************************************************
Time:            23:03:28 
IP:              127.0.0.1 
HOST:            GPK 
Method:          GET 
REQUEST:         /10053 
REFERER:         http://tooezzy.ru/my-calendar 
SCRIPT_FILENAME: Z:/home/tooezzy.ru/www/index.php
PHP FILE:        Z:\home\tooezzy.ru\www\include\ini.users.php
FUNCTION:        ShowHistoryLenta
************************************************************************************
MySQL kod: 1146 
Message:   Table 'discount.discount_users_event' doesn't exist 
************************************************************************************
VARR: 

q=10053

************************************************************************************

************************************************************************************
Time:            23:03:29 
IP:              127.0.0.1 
HOST:            GPK 
Method:          GET 
REQUEST:         /10053 
REFERER:         http://tooezzy.ru/my-calendar 
SCRIPT_FILENAME: Z:/home/tooezzy.ru/www/index.php
PHP FILE:        Z:\home\tooezzy.ru\www\include\ini.users.php
FUNCTION:        ShowHistoryLenta
************************************************************************************
MySQL kod: 1146 
Message:   Table 'discount.discount_users_event' doesn't exist 
************************************************************************************
VARR: 

q=10053

************************************************************************************

************************************************************************************
Time:            23:03:29 
IP:              127.0.0.1 
HOST:            GPK 
Method:          GET 
REQUEST:         /10053 
REFERER:         http://tooezzy.ru/my-calendar 
SCRIPT_FILENAME: Z:/home/tooezzy.ru/www/index.php
PHP FILE:        Z:\home\tooezzy.ru\www\include\ini.users.php
FUNCTION:        ShowHistoryLenta
************************************************************************************
MySQL kod: 1146 
Message:   Table 'discount.discount_users_event' doesn't exist 
************************************************************************************
VARR: 

q=10053

************************************************************************************

************************************************************************************
Time:            23:03:30 
IP:              127.0.0.1 
HOST:            GPK 
Method:          GET 
REQUEST:         /10053 
REFERER:         http://tooezzy.ru/my-calendar 
SCRIPT_FILENAME: Z:/home/tooezzy.ru/www/index.php
PHP FILE:        Z:\home\tooezzy.ru\www\include\ini.users.php
FUNCTION:        ShowHistoryLenta
************************************************************************************
MySQL kod: 1146 
Message:   Table 'discount.discount_users_event' doesn't exist 
************************************************************************************
VARR: 

q=10053

************************************************************************************

************************************************************************************
Time:            23:03:30 
IP:              127.0.0.1 
HOST:            GPK 
Method:          GET 
REQUEST:         /10053 
REFERER:         http://tooezzy.ru/my-calendar 
SCRIPT_FILENAME: Z:/home/tooezzy.ru/www/index.php
PHP FILE:        Z:\home\tooezzy.ru\www\include\ini.users.php
FUNCTION:        ShowHistoryLenta
************************************************************************************
MySQL kod: 1146 
Message:   Table 'discount.discount_users_event' doesn't exist 
************************************************************************************
VARR: 

q=10053

************************************************************************************

************************************************************************************
Time:            23:03:31 
IP:              127.0.0.1 
HOST:            GPK 
Method:          GET 
REQUEST:         /10053 
REFERER:         http://tooezzy.ru/my-calendar 
SCRIPT_FILENAME: Z:/home/tooezzy.ru/www/index.php
PHP FILE:        Z:\home\tooezzy.ru\www\include\ini.users.php
FUNCTION:        ShowHistoryLenta
************************************************************************************
MySQL kod: 1146 
Message:   Table 'discount.discount_users_event' doesn't exist 
************************************************************************************
VARR: 

q=10053

************************************************************************************

************************************************************************************
Time:            23:03:32 
IP:              127.0.0.1 
HOST:            GPK 
Method:          GET 
REQUEST:         /10053 
REFERER:         http://tooezzy.ru/my-calendar 
SCRIPT_FILENAME: Z:/home/tooezzy.ru/www/index.php
PHP FILE:        Z:\home\tooezzy.ru\www\include\ini.users.php
FUNCTION:        ShowHistoryLenta
************************************************************************************
MySQL kod: 1146 
Message:   Table 'discount.discount_users_event' doesn't exist 
************************************************************************************
VARR: 

q=10053

************************************************************************************

************************************************************************************
Time:            23:03:32 
IP:              127.0.0.1 
HOST:            GPK 
Method:          GET 
REQUEST:         /10053 
REFERER:         http://tooezzy.ru/my-calendar 
SCRIPT_FILENAME: Z:/home/tooezzy.ru/www/index.php
PHP FILE:        Z:\home\tooezzy.ru\www\include\ini.users.php
FUNCTION:        ShowHistoryLenta
************************************************************************************
MySQL kod: 1146 
Message:   Table 'discount.discount_users_event' doesn't exist 
************************************************************************************
VARR: 

q=10053

************************************************************************************

************************************************************************************
Time:            23:03:33 
IP:              127.0.0.1 
HOST:            GPK 
Method:          GET 
REQUEST:         /10053 
REFERER:         http://tooezzy.ru/my-calendar 
SCRIPT_FILENAME: Z:/home/tooezzy.ru/www/index.php
PHP FILE:        Z:\home\tooezzy.ru\www\include\ini.users.php
FUNCTION:        ShowHistoryLenta
************************************************************************************
MySQL kod: 1146 
Message:   Table 'discount.discount_users_event' doesn't exist 
************************************************************************************
VARR: 

q=10053

************************************************************************************

************************************************************************************
Time:            23:03:34 
IP:              127.0.0.1 
HOST:            GPK 
Method:          GET 
REQUEST:         /10053 
REFERER:         http://tooezzy.ru/my-calendar 
SCRIPT_FILENAME: Z:/home/tooezzy.ru/www/index.php
PHP FILE:        Z:\home\tooezzy.ru\www\include\ini.users.php
FUNCTION:        ShowHistoryLenta
************************************************************************************
MySQL kod: 1146 
Message:   Table 'discount.discount_users_event' doesn't exist 
************************************************************************************
VARR: 

q=10053

************************************************************************************

************************************************************************************
Time:            23:03:35 
IP:              127.0.0.1 
HOST:            GPK 
Method:          GET 
REQUEST:         /10053 
REFERER:         http://tooezzy.ru/my-calendar 
SCRIPT_FILENAME: Z:/home/tooezzy.ru/www/index.php
PHP FILE:        Z:\home\tooezzy.ru\www\include\ini.users.php
FUNCTION:        ShowHistoryLenta
************************************************************************************
MySQL kod: 1146 
Message:   Table 'discount.discount_users_event' doesn't exist 
************************************************************************************
VARR: 

q=10053

************************************************************************************

************************************************************************************
Time:            23:03:37 
IP:              127.0.0.1 
HOST:            GPK 
Method:          GET 
REQUEST:         /10053 
REFERER:         http://tooezzy.ru/my-calendar 
SCRIPT_FILENAME: Z:/home/tooezzy.ru/www/index.php
PHP FILE:        Z:\home\tooezzy.ru\www\include\ini.users.php
FUNCTION:        ShowHistoryLenta
************************************************************************************
MySQL kod: 1146 
Message:   Table 'discount.discount_users_event' doesn't exist 
************************************************************************************
VARR: 

q=10053

************************************************************************************

************************************************************************************
Time:            23:03:40 
IP:              127.0.0.1 
HOST:            GPK 
Method:          GET 
REQUEST:         /10053 
REFERER:         http://tooezzy.ru/my-calendar 
SCRIPT_FILENAME: Z:/home/tooezzy.ru/www/index.php
PHP FILE:        Z:\home\tooezzy.ru\www\include\ini.users.php
FUNCTION:        ShowHistoryLenta
************************************************************************************
MySQL kod: 1146 
Message:   Table 'discount.discount_users_event' doesn't exist 
************************************************************************************
VARR: 

q=10053

************************************************************************************

************************************************************************************
Time:            23:03:43 
IP:              127.0.0.1 
HOST:            GPK 
Method:          GET 
REQUEST:         /10053 
REFERER:         http://tooezzy.ru/my-calendar 
SCRIPT_FILENAME: Z:/home/tooezzy.ru/www/index.php
PHP FILE:        Z:\home\tooezzy.ru\www\include\ini.users.php
FUNCTION:        ShowHistoryLenta
************************************************************************************
MySQL kod: 1146 
Message:   Table 'discount.discount_users_event' doesn't exist 
************************************************************************************
VARR: 

q=10053

************************************************************************************

************************************************************************************
Time:            23:06:22 
IP:              127.0.0.1 
HOST:            GPK 
Method:          GET 
REQUEST:         /10053 
REFERER:         http://tooezzy.ru/my-calendar 
SCRIPT_FILENAME: Z:/home/tooezzy.ru/www/index.php
PHP FILE:        Z:\home\tooezzy.ru\www\include\ini.users.php
FUNCTION:        ShowHistoryLenta
************************************************************************************
MySQL kod: 1146 
Message:   Table 'discount.discount_users_event' doesn't exist 
************************************************************************************
VARR: 

q=10053

************************************************************************************

************************************************************************************
Time:            23:06:23 
IP:              127.0.0.1 
HOST:            GPK 
Method:          GET 
REQUEST:         /10053 
REFERER:         http://tooezzy.ru/my-calendar 
SCRIPT_FILENAME: Z:/home/tooezzy.ru/www/index.php
PHP FILE:        Z:\home\tooezzy.ru\www\include\ini.users.php
FUNCTION:        ShowHistoryLenta
************************************************************************************
MySQL kod: 1146 
Message:   Table 'discount.discount_users_event' doesn't exist 
************************************************************************************
VARR: 

q=10053

************************************************************************************

************************************************************************************
Time:            23:06:24 
IP:              127.0.0.1 
HOST:            GPK 
Method:          GET 
REQUEST:         /10053 
REFERER:         http://tooezzy.ru/my-calendar 
SCRIPT_FILENAME: Z:/home/tooezzy.ru/www/index.php
PHP FILE:        Z:\home\tooezzy.ru\www\include\ini.users.php
FUNCTION:        ShowHistoryLenta
************************************************************************************
MySQL kod: 1146 
Message:   Table 'discount.discount_users_event' doesn't exist 
************************************************************************************
VARR: 

q=10053

************************************************************************************

************************************************************************************
Time:            23:06:24 
IP:              127.0.0.1 
HOST:            GPK 
Method:          GET 
REQUEST:         /10053 
REFERER:         http://tooezzy.ru/my-calendar 
SCRIPT_FILENAME: Z:/home/tooezzy.ru/www/index.php
PHP FILE:        Z:\home\tooezzy.ru\www\include\ini.users.php
FUNCTION:        ShowHistoryLenta
************************************************************************************
MySQL kod: 1146 
Message:   Table 'discount.discount_users_event' doesn't exist 
************************************************************************************
VARR: 

q=10053

************************************************************************************

************************************************************************************
Time:            23:06:25 
IP:              127.0.0.1 
HOST:            GPK 
Method:          GET 
REQUEST:         /10053 
REFERER:         http://tooezzy.ru/my-calendar 
SCRIPT_FILENAME: Z:/home/tooezzy.ru/www/index.php
PHP FILE:        Z:\home\tooezzy.ru\www\include\ini.users.php
FUNCTION:        ShowHistoryLenta
************************************************************************************
MySQL kod: 1146 
Message:   Table 'discount.discount_users_event' doesn't exist 
************************************************************************************
VARR: 

q=10053

************************************************************************************

************************************************************************************
Time:            23:06:25 
IP:              127.0.0.1 
HOST:            GPK 
Method:          GET 
REQUEST:         /10053 
REFERER:         http://tooezzy.ru/my-calendar 
SCRIPT_FILENAME: Z:/home/tooezzy.ru/www/index.php
PHP FILE:        Z:\home\tooezzy.ru\www\include\ini.users.php
FUNCTION:        ShowHistoryLenta
************************************************************************************
MySQL kod: 1146 
Message:   Table 'discount.discount_users_event' doesn't exist 
************************************************************************************
VARR: 

q=10053

************************************************************************************

************************************************************************************
Time:            23:06:26 
IP:              127.0.0.1 
HOST:            GPK 
Method:          GET 
REQUEST:         /10053 
REFERER:         http://tooezzy.ru/my-calendar 
SCRIPT_FILENAME: Z:/home/tooezzy.ru/www/index.php
PHP FILE:        Z:\home\tooezzy.ru\www\include\ini.users.php
FUNCTION:        ShowHistoryLenta
************************************************************************************
MySQL kod: 1146 
Message:   Table 'discount.discount_users_event' doesn't exist 
************************************************************************************
VARR: 

q=10053

************************************************************************************

************************************************************************************
Time:            23:06:30 
IP:              127.0.0.1 
HOST:            GPK 
Method:          GET 
REQUEST:         /10053 
REFERER:         http://tooezzy.ru/my-calendar 
SCRIPT_FILENAME: Z:/home/tooezzy.ru/www/index.php
PHP FILE:        Z:\home\tooezzy.ru\www\include\ini.users.php
FUNCTION:        ShowHistoryLenta
************************************************************************************
MySQL kod: 1146 
Message:   Table 'discount.discount_users_event' doesn't exist 
************************************************************************************
VARR: 

q=10053

************************************************************************************

************************************************************************************
Time:            23:06:31 
IP:              127.0.0.1 
HOST:            GPK 
Method:          GET 
REQUEST:         /10053 
REFERER:         http://tooezzy.ru/my-calendar 
SCRIPT_FILENAME: Z:/home/tooezzy.ru/www/index.php
PHP FILE:        Z:\home\tooezzy.ru\www\include\ini.users.php
FUNCTION:        ShowHistoryLenta
************************************************************************************
MySQL kod: 1146 
Message:   Table 'discount.discount_users_event' doesn't exist 
************************************************************************************
VARR: 

q=10053

************************************************************************************

************************************************************************************
Time:            23:06:31 
IP:              127.0.0.1 
HOST:            GPK 
Method:          GET 
REQUEST:         /10053 
REFERER:         http://tooezzy.ru/my-calendar 
SCRIPT_FILENAME: Z:/home/tooezzy.ru/www/index.php
PHP FILE:        Z:\home\tooezzy.ru\www\include\ini.users.php
FUNCTION:        ShowHistoryLenta
************************************************************************************
MySQL kod: 1146 
Message:   Table 'discount.discount_users_event' doesn't exist 
************************************************************************************
VARR: 

q=10053

************************************************************************************

************************************************************************************
Time:            23:06:32 
IP:              127.0.0.1 
HOST:            GPK 
Method:          GET 
REQUEST:         /10053 
REFERER:         http://tooezzy.ru/my-calendar 
SCRIPT_FILENAME: Z:/home/tooezzy.ru/www/index.php
PHP FILE:        Z:\home\tooezzy.ru\www\include\ini.users.php
FUNCTION:        ShowHistoryLenta
************************************************************************************
MySQL kod: 1146 
Message:   Table 'discount.discount_users_event' doesn't exist 
************************************************************************************
VARR: 

q=10053

************************************************************************************

************************************************************************************
Time:            23:06:32 
IP:              127.0.0.1 
HOST:            GPK 
Method:          GET 
REQUEST:         /10053 
REFERER:         http://tooezzy.ru/my-calendar 
SCRIPT_FILENAME: Z:/home/tooezzy.ru/www/index.php
PHP FILE:        Z:\home\tooezzy.ru\www\include\ini.users.php
FUNCTION:        ShowHistoryLenta
************************************************************************************
MySQL kod: 1146 
Message:   Table 'discount.discount_users_event' doesn't exist 
************************************************************************************
VARR: 

q=10053

************************************************************************************

************************************************************************************
Time:            23:06:33 
IP:              127.0.0.1 
HOST:            GPK 
Method:          GET 
REQUEST:         /10053 
REFERER:         http://tooezzy.ru/my-calendar 
SCRIPT_FILENAME: Z:/home/tooezzy.ru/www/index.php
PHP FILE:        Z:\home\tooezzy.ru\www\include\ini.users.php
FUNCTION:        ShowHistoryLenta
************************************************************************************
MySQL kod: 1146 
Message:   Table 'discount.discount_users_event' doesn't exist 
************************************************************************************
VARR: 

q=10053

************************************************************************************

************************************************************************************
Time:            23:06:33 
IP:              127.0.0.1 
HOST:            GPK 
Method:          GET 
REQUEST:         /10053 
REFERER:         http://tooezzy.ru/my-calendar 
SCRIPT_FILENAME: Z:/home/tooezzy.ru/www/index.php
PHP FILE:        Z:\home\tooezzy.ru\www\include\ini.users.php
FUNCTION:        ShowHistoryLenta
************************************************************************************
MySQL kod: 1146 
Message:   Table 'discount.discount_users_event' doesn't exist 
************************************************************************************
VARR: 

q=10053

************************************************************************************

************************************************************************************
Time:            23:06:34 
IP:              127.0.0.1 
HOST:            GPK 
Method:          GET 
REQUEST:         /10053 
REFERER:         http://tooezzy.ru/my-calendar 
SCRIPT_FILENAME: Z:/home/tooezzy.ru/www/index.php
PHP FILE:        Z:\home\tooezzy.ru\www\include\ini.users.php
FUNCTION:        ShowHistoryLenta
************************************************************************************
MySQL kod: 1146 
Message:   Table 'discount.discount_users_event' doesn't exist 
************************************************************************************
VARR: 

q=10053

************************************************************************************

************************************************************************************
Time:            23:06:35 
IP:              127.0.0.1 
HOST:            GPK 
Method:          GET 
REQUEST:         /10053 
REFERER:         http://tooezzy.ru/my-calendar 
SCRIPT_FILENAME: Z:/home/tooezzy.ru/www/index.php
PHP FILE:        Z:\home\tooezzy.ru\www\include\ini.users.php
FUNCTION:        ShowHistoryLenta
************************************************************************************
MySQL kod: 1146 
Message:   Table 'discount.discount_users_event' doesn't exist 
************************************************************************************
VARR: 

q=10053

************************************************************************************

************************************************************************************
Time:            23:06:35 
IP:              127.0.0.1 
HOST:            GPK 
Method:          GET 
REQUEST:         /10053 
REFERER:         http://tooezzy.ru/my-calendar 
SCRIPT_FILENAME: Z:/home/tooezzy.ru/www/index.php
PHP FILE:        Z:\home\tooezzy.ru\www\include\ini.users.php
FUNCTION:        ShowHistoryLenta
************************************************************************************
MySQL kod: 1146 
Message:   Table 'discount.discount_users_event' doesn't exist 
************************************************************************************
VARR: 

q=10053

************************************************************************************

************************************************************************************
Time:            23:06:36 
IP:              127.0.0.1 
HOST:            GPK 
Method:          GET 
REQUEST:         /10053 
REFERER:         http://tooezzy.ru/my-calendar 
SCRIPT_FILENAME: Z:/home/tooezzy.ru/www/index.php
PHP FILE:        Z:\home\tooezzy.ru\www\include\ini.users.php
FUNCTION:        ShowHistoryLenta
************************************************************************************
MySQL kod: 1146 
Message:   Table 'discount.discount_users_event' doesn't exist 
************************************************************************************
VARR: 

q=10053

************************************************************************************

************************************************************************************
Time:            23:06:37 
IP:              127.0.0.1 
HOST:            GPK 
Method:          GET 
REQUEST:         /10053 
REFERER:         http://tooezzy.ru/my-calendar 
SCRIPT_FILENAME: Z:/home/tooezzy.ru/www/index.php
PHP FILE:        Z:\home\tooezzy.ru\www\include\ini.users.php
FUNCTION:        ShowHistoryLenta
************************************************************************************
MySQL kod: 1146 
Message:   Table 'discount.discount_users_event' doesn't exist 
************************************************************************************
VARR: 

q=10053

************************************************************************************

************************************************************************************
Time:            23:06:37 
IP:              127.0.0.1 
HOST:            GPK 
Method:          GET 
REQUEST:         /10053 
REFERER:         http://tooezzy.ru/my-calendar 
SCRIPT_FILENAME: Z:/home/tooezzy.ru/www/index.php
PHP FILE:        Z:\home\tooezzy.ru\www\include\ini.users.php
FUNCTION:        ShowHistoryLenta
************************************************************************************
MySQL kod: 1146 
Message:   Table 'discount.discount_users_event' doesn't exist 
************************************************************************************
VARR: 

q=10053

************************************************************************************

************************************************************************************
Time:            23:07:08 
IP:              127.0.0.1 
HOST:            GPK 
Method:          GET 
REQUEST:         /10053 
REFERER:         http://tooezzy.ru/my-calendar 
SCRIPT_FILENAME: Z:/home/tooezzy.ru/www/index.php
PHP FILE:        Z:\home\tooezzy.ru\www\include\ini.users.php
FUNCTION:        ShowHistoryLenta
************************************************************************************
MySQL kod: 1146 
Message:   Table 'discount.discount_users_event' doesn't exist 
************************************************************************************
VARR: 

q=10053

************************************************************************************

************************************************************************************
Time:            23:07:08 
IP:              127.0.0.1 
HOST:            GPK 
Method:          GET 
REQUEST:         /10053 
REFERER:         http://tooezzy.ru/my-calendar 
SCRIPT_FILENAME: Z:/home/tooezzy.ru/www/index.php
PHP FILE:        Z:\home\tooezzy.ru\www\include\ini.users.php
FUNCTION:        ShowHistoryLenta
************************************************************************************
MySQL kod: 1146 
Message:   Table 'discount.discount_users_event' doesn't exist 
************************************************************************************
VARR: 

q=10053

************************************************************************************

************************************************************************************
Time:            23:07:09 
IP:              127.0.0.1 
HOST:            GPK 
Method:          GET 
REQUEST:         /10053 
REFERER:         http://tooezzy.ru/my-calendar 
SCRIPT_FILENAME: Z:/home/tooezzy.ru/www/index.php
PHP FILE:        Z:\home\tooezzy.ru\www\include\ini.users.php
FUNCTION:        ShowHistoryLenta
************************************************************************************
MySQL kod: 1146 
Message:   Table 'discount.discount_users_event' doesn't exist 
************************************************************************************
VARR: 

q=10053

************************************************************************************

************************************************************************************
Time:            23:07:10 
IP:              127.0.0.1 
HOST:            GPK 
Method:          GET 
REQUEST:         /10053 
REFERER:         http://tooezzy.ru/my-calendar 
SCRIPT_FILENAME: Z:/home/tooezzy.ru/www/index.php
PHP FILE:        Z:\home\tooezzy.ru\www\include\ini.users.php
FUNCTION:        ShowHistoryLenta
************************************************************************************
MySQL kod: 1146 
Message:   Table 'discount.discount_users_event' doesn't exist 
************************************************************************************
VARR: 

q=10053

************************************************************************************

************************************************************************************
Time:            23:07:11 
IP:              127.0.0.1 
HOST:            GPK 
Method:          GET 
REQUEST:         /10053 
REFERER:         http://tooezzy.ru/my-calendar 
SCRIPT_FILENAME: Z:/home/tooezzy.ru/www/index.php
PHP FILE:        Z:\home\tooezzy.ru\www\include\ini.users.php
FUNCTION:        ShowHistoryLenta
************************************************************************************
MySQL kod: 1146 
Message:   Table 'discount.discount_users_event' doesn't exist 
************************************************************************************
VARR: 

q=10053

************************************************************************************

************************************************************************************
Time:            23:07:11 
IP:              127.0.0.1 
HOST:            GPK 
Method:          GET 
REQUEST:         /10053 
REFERER:         http://tooezzy.ru/my-calendar 
SCRIPT_FILENAME: Z:/home/tooezzy.ru/www/index.php
PHP FILE:        Z:\home\tooezzy.ru\www\include\ini.users.php
FUNCTION:        ShowHistoryLenta
************************************************************************************
MySQL kod: 1146 
Message:   Table 'discount.discount_users_event' doesn't exist 
************************************************************************************
VARR: 

q=10053

************************************************************************************

************************************************************************************
Time:            23:07:12 
IP:              127.0.0.1 
HOST:            GPK 
Method:          GET 
REQUEST:         /10053 
REFERER:         http://tooezzy.ru/my-calendar 
SCRIPT_FILENAME: Z:/home/tooezzy.ru/www/index.php
PHP FILE:        Z:\home\tooezzy.ru\www\include\ini.users.php
FUNCTION:        ShowHistoryLenta
************************************************************************************
MySQL kod: 1146 
Message:   Table 'discount.discount_users_event' doesn't exist 
************************************************************************************
VARR: 

q=10053

************************************************************************************

************************************************************************************
Time:            23:07:13 
IP:              127.0.0.1 
HOST:            GPK 
Method:          GET 
REQUEST:         /10053 
REFERER:         http://tooezzy.ru/my-calendar 
SCRIPT_FILENAME: Z:/home/tooezzy.ru/www/index.php
PHP FILE:        Z:\home\tooezzy.ru\www\include\ini.users.php
FUNCTION:        ShowHistoryLenta
************************************************************************************
MySQL kod: 1146 
Message:   Table 'discount.discount_users_event' doesn't exist 
************************************************************************************
VARR: 

q=10053

************************************************************************************

************************************************************************************
Time:            23:07:13 
IP:              127.0.0.1 
HOST:            GPK 
Method:          GET 
REQUEST:         /10053 
REFERER:         http://tooezzy.ru/my-calendar 
SCRIPT_FILENAME: Z:/home/tooezzy.ru/www/index.php
PHP FILE:        Z:\home\tooezzy.ru\www\include\ini.users.php
FUNCTION:        ShowHistoryLenta
************************************************************************************
MySQL kod: 1146 
Message:   Table 'discount.discount_users_event' doesn't exist 
************************************************************************************
VARR: 

q=10053

************************************************************************************

************************************************************************************
Time:            23:07:14 
IP:              127.0.0.1 
HOST:            GPK 
Method:          GET 
REQUEST:         /10053 
REFERER:         http://tooezzy.ru/my-calendar 
SCRIPT_FILENAME: Z:/home/tooezzy.ru/www/index.php
PHP FILE:        Z:\home\tooezzy.ru\www\include\ini.users.php
FUNCTION:        ShowHistoryLenta
************************************************************************************
MySQL kod: 1146 
Message:   Table 'discount.discount_users_event' doesn't exist 
************************************************************************************
VARR: 

q=10053

************************************************************************************

************************************************************************************
Time:            23:07:14 
IP:              127.0.0.1 
HOST:            GPK 
Method:          GET 
REQUEST:         /10053 
REFERER:         http://tooezzy.ru/my-calendar 
SCRIPT_FILENAME: Z:/home/tooezzy.ru/www/index.php
PHP FILE:        Z:\home\tooezzy.ru\www\include\ini.users.php
FUNCTION:        ShowHistoryLenta
************************************************************************************
MySQL kod: 1146 
Message:   Table 'discount.discount_users_event' doesn't exist 
************************************************************************************
VARR: 

q=10053

************************************************************************************

************************************************************************************
Time:            23:07:15 
IP:              127.0.0.1 
HOST:            GPK 
Method:          GET 
REQUEST:         /10053 
REFERER:         http://tooezzy.ru/my-calendar 
SCRIPT_FILENAME: Z:/home/tooezzy.ru/www/index.php
PHP FILE:        Z:\home\tooezzy.ru\www\include\ini.users.php
FUNCTION:        ShowHistoryLenta
************************************************************************************
MySQL kod: 1146 
Message:   Table 'discount.discount_users_event' doesn't exist 
************************************************************************************
VARR: 

q=10053

************************************************************************************

************************************************************************************
Time:            23:07:16 
IP:              127.0.0.1 
HOST:            GPK 
Method:          GET 
REQUEST:         /10053 
REFERER:         http://tooezzy.ru/my-calendar 
SCRIPT_FILENAME: Z:/home/tooezzy.ru/www/index.php
PHP FILE:        Z:\home\tooezzy.ru\www\include\ini.users.php
FUNCTION:        ShowHistoryLenta
************************************************************************************
MySQL kod: 1146 
Message:   Table 'discount.discount_users_event' doesn't exist 
************************************************************************************
VARR: 

q=10053

************************************************************************************

************************************************************************************
Time:            23:07:17 
IP:              127.0.0.1 
HOST:            GPK 
Method:          GET 
REQUEST:         /10053 
REFERER:         http://tooezzy.ru/my-calendar 
SCRIPT_FILENAME: Z:/home/tooezzy.ru/www/index.php
PHP FILE:        Z:\home\tooezzy.ru\www\include\ini.users.php
FUNCTION:        ShowHistoryLenta
************************************************************************************
MySQL kod: 1146 
Message:   Table 'discount.discount_users_event' doesn't exist 
************************************************************************************
VARR: 

q=10053

************************************************************************************

************************************************************************************
Time:            23:07:17 
IP:              127.0.0.1 
HOST:            GPK 
Method:          GET 
REQUEST:         /10053 
REFERER:         http://tooezzy.ru/my-calendar 
SCRIPT_FILENAME: Z:/home/tooezzy.ru/www/index.php
PHP FILE:        Z:\home\tooezzy.ru\www\include\ini.users.php
FUNCTION:        ShowHistoryLenta
************************************************************************************
MySQL kod: 1146 
Message:   Table 'discount.discount_users_event' doesn't exist 
************************************************************************************
VARR: 

q=10053

************************************************************************************

************************************************************************************
Time:            23:07:20 
IP:              127.0.0.1 
HOST:            GPK 
Method:          GET 
REQUEST:         /10053 
REFERER:         http://tooezzy.ru/my-calendar 
SCRIPT_FILENAME: Z:/home/tooezzy.ru/www/index.php
PHP FILE:        Z:\home\tooezzy.ru\www\include\ini.users.php
FUNCTION:        ShowHistoryLenta
************************************************************************************
MySQL kod: 1146 
Message:   Table 'discount.discount_users_event' doesn't exist 
************************************************************************************
VARR: 

q=10053

************************************************************************************

************************************************************************************
Time:            23:07:23 
IP:              127.0.0.1 
HOST:            GPK 
Method:          GET 
REQUEST:         /10053 
REFERER:         http://tooezzy.ru/my-calendar 
SCRIPT_FILENAME: Z:/home/tooezzy.ru/www/index.php
PHP FILE:        Z:\home\tooezzy.ru\www\include\ini.users.php
FUNCTION:        ShowHistoryLenta
************************************************************************************
MySQL kod: 1146 
Message:   Table 'discount.discount_users_event' doesn't exist 
************************************************************************************
VARR: 

q=10053

************************************************************************************

************************************************************************************
Time:            23:07:25 
IP:              127.0.0.1 
HOST:            GPK 
Method:          GET 
REQUEST:         /10053 
REFERER:         http://tooezzy.ru/my-calendar 
SCRIPT_FILENAME: Z:/home/tooezzy.ru/www/index.php
PHP FILE:        Z:\home\tooezzy.ru\www\include\ini.users.php
FUNCTION:        ShowHistoryLenta
************************************************************************************
MySQL kod: 1146 
Message:   Table 'discount.discount_users_event' doesn't exist 
************************************************************************************
VARR: 

q=10053

************************************************************************************

************************************************************************************
Time:            23:07:28 
IP:              127.0.0.1 
HOST:            GPK 
Method:          GET 
REQUEST:         /10053 
REFERER:         http://tooezzy.ru/my-calendar 
SCRIPT_FILENAME: Z:/home/tooezzy.ru/www/index.php
PHP FILE:        Z:\home\tooezzy.ru\www\include\ini.users.php
FUNCTION:        ShowHistoryLenta
************************************************************************************
MySQL kod: 1146 
Message:   Table 'discount.discount_users_event' doesn't exist 
************************************************************************************
VARR: 

q=10053

************************************************************************************

************************************************************************************
Time:            23:07:31 
IP:              127.0.0.1 
HOST:            GPK 
Method:          GET 
REQUEST:         /10053 
REFERER:         http://tooezzy.ru/my-calendar 
SCRIPT_FILENAME: Z:/home/tooezzy.ru/www/index.php
PHP FILE:        Z:\home\tooezzy.ru\www\include\ini.users.php
FUNCTION:        ShowHistoryLenta
************************************************************************************
MySQL kod: 1146 
Message:   Table 'discount.discount_users_event' doesn't exist 
************************************************************************************
VARR: 

q=10053

************************************************************************************

************************************************************************************
Time:            23:08:18 
IP:              127.0.0.1 
HOST:            GPK 
Method:          GET 
REQUEST:         /10053 
REFERER:         http://tooezzy.ru/my-friends 
SCRIPT_FILENAME: Z:/home/tooezzy.ru/www/index.php
PHP FILE:        Z:\home\tooezzy.ru\www\include\ini.users.php
FUNCTION:        ShowHistoryLenta
************************************************************************************
MySQL kod: 1146 
Message:   Table 'discount.discount_users_event' doesn't exist 
************************************************************************************
VARR: 

q=10053

************************************************************************************

************************************************************************************
Time:            23:08:20 
IP:              127.0.0.1 
HOST:            GPK 
Method:          GET 
REQUEST:         /10053 
REFERER:         http://tooezzy.ru/my-friends 
SCRIPT_FILENAME: Z:/home/tooezzy.ru/www/index.php
PHP FILE:        Z:\home\tooezzy.ru\www\include\ini.users.php
FUNCTION:        ShowHistoryLenta
************************************************************************************
MySQL kod: 1146 
Message:   Table 'discount.discount_users_event' doesn't exist 
************************************************************************************
VARR: 

q=10053

************************************************************************************

************************************************************************************
Time:            23:08:20 
IP:              127.0.0.1 
HOST:            GPK 
Method:          GET 
REQUEST:         /10053 
REFERER:         http://tooezzy.ru/my-friends 
SCRIPT_FILENAME: Z:/home/tooezzy.ru/www/index.php
PHP FILE:        Z:\home\tooezzy.ru\www\include\ini.users.php
FUNCTION:        ShowHistoryLenta
************************************************************************************
MySQL kod: 1146 
Message:   Table 'discount.discount_users_event' doesn't exist 
************************************************************************************
VARR: 

q=10053

************************************************************************************

************************************************************************************
Time:            23:08:21 
IP:              127.0.0.1 
HOST:            GPK 
Method:          GET 
REQUEST:         /10053 
REFERER:         http://tooezzy.ru/my-friends 
SCRIPT_FILENAME: Z:/home/tooezzy.ru/www/index.php
PHP FILE:        Z:\home\tooezzy.ru\www\include\ini.users.php
FUNCTION:        ShowHistoryLenta
************************************************************************************
MySQL kod: 1146 
Message:   Table 'discount.discount_users_event' doesn't exist 
************************************************************************************
VARR: 

q=10053

************************************************************************************

************************************************************************************
Time:            23:08:22 
IP:              127.0.0.1 
HOST:            GPK 
Method:          GET 
REQUEST:         /10053 
REFERER:         http://tooezzy.ru/my-friends 
SCRIPT_FILENAME: Z:/home/tooezzy.ru/www/index.php
PHP FILE:        Z:\home\tooezzy.ru\www\include\ini.users.php
FUNCTION:        ShowHistoryLenta
************************************************************************************
MySQL kod: 1146 
Message:   Table 'discount.discount_users_event' doesn't exist 
************************************************************************************
VARR: 

q=10053

************************************************************************************

************************************************************************************
Time:            23:08:23 
IP:              127.0.0.1 
HOST:            GPK 
Method:          GET 
REQUEST:         /10053 
REFERER:         http://tooezzy.ru/my-friends 
SCRIPT_FILENAME: Z:/home/tooezzy.ru/www/index.php
PHP FILE:        Z:\home\tooezzy.ru\www\include\ini.users.php
FUNCTION:        ShowHistoryLenta
************************************************************************************
MySQL kod: 1146 
Message:   Table 'discount.discount_users_event' doesn't exist 
************************************************************************************
VARR: 

q=10053

************************************************************************************

************************************************************************************
Time:            23:08:23 
IP:              127.0.0.1 
HOST:            GPK 
Method:          GET 
REQUEST:         /10053 
REFERER:         http://tooezzy.ru/my-friends 
SCRIPT_FILENAME: Z:/home/tooezzy.ru/www/index.php
PHP FILE:        Z:\home\tooezzy.ru\www\include\ini.users.php
FUNCTION:        ShowHistoryLenta
************************************************************************************
MySQL kod: 1146 
Message:   Table 'discount.discount_users_event' doesn't exist 
************************************************************************************
VARR: 

q=10053

************************************************************************************

************************************************************************************
Time:            23:08:24 
IP:              127.0.0.1 
HOST:            GPK 
Method:          GET 
REQUEST:         /10053 
REFERER:         http://tooezzy.ru/my-friends 
SCRIPT_FILENAME: Z:/home/tooezzy.ru/www/index.php
PHP FILE:        Z:\home\tooezzy.ru\www\include\ini.users.php
FUNCTION:        ShowHistoryLenta
************************************************************************************
MySQL kod: 1146 
Message:   Table 'discount.discount_users_event' doesn't exist 
************************************************************************************
VARR: 

q=10053

************************************************************************************

************************************************************************************
Time:            23:08:25 
IP:              127.0.0.1 
HOST:            GPK 
Method:          GET 
REQUEST:         /10053 
REFERER:         http://tooezzy.ru/my-friends 
SCRIPT_FILENAME: Z:/home/tooezzy.ru/www/index.php
PHP FILE:        Z:\home\tooezzy.ru\www\include\ini.users.php
FUNCTION:        ShowHistoryLenta
************************************************************************************
MySQL kod: 1146 
Message:   Table 'discount.discount_users_event' doesn't exist 
************************************************************************************
VARR: 

q=10053

************************************************************************************

************************************************************************************
Time:            23:08:25 
IP:              127.0.0.1 
HOST:            GPK 
Method:          GET 
REQUEST:         /10053 
REFERER:         http://tooezzy.ru/my-friends 
SCRIPT_FILENAME: Z:/home/tooezzy.ru/www/index.php
PHP FILE:        Z:\home\tooezzy.ru\www\include\ini.users.php
FUNCTION:        ShowHistoryLenta
************************************************************************************
MySQL kod: 1146 
Message:   Table 'discount.discount_users_event' doesn't exist 
************************************************************************************
VARR: 

q=10053

************************************************************************************

************************************************************************************
Time:            23:08:26 
IP:              127.0.0.1 
HOST:            GPK 
Method:          GET 
REQUEST:         /10053 
REFERER:         http://tooezzy.ru/my-friends 
SCRIPT_FILENAME: Z:/home/tooezzy.ru/www/index.php
PHP FILE:        Z:\home\tooezzy.ru\www\include\ini.users.php
FUNCTION:        ShowHistoryLenta
************************************************************************************
MySQL kod: 1146 
Message:   Table 'discount.discount_users_event' doesn't exist 
************************************************************************************
VARR: 

q=10053

************************************************************************************

************************************************************************************
Time:            23:08:27 
IP:              127.0.0.1 
HOST:            GPK 
Method:          GET 
REQUEST:         /10053 
REFERER:         http://tooezzy.ru/my-friends 
SCRIPT_FILENAME: Z:/home/tooezzy.ru/www/index.php
PHP FILE:        Z:\home\tooezzy.ru\www\include\ini.users.php
FUNCTION:        ShowHistoryLenta
************************************************************************************
MySQL kod: 1146 
Message:   Table 'discount.discount_users_event' doesn't exist 
************************************************************************************
VARR: 

q=10053

************************************************************************************

************************************************************************************
Time:            23:08:28 
IP:              127.0.0.1 
HOST:            GPK 
Method:          GET 
REQUEST:         /10053 
REFERER:         http://tooezzy.ru/my-friends 
SCRIPT_FILENAME: Z:/home/tooezzy.ru/www/index.php
PHP FILE:        Z:\home\tooezzy.ru\www\include\ini.users.php
FUNCTION:        ShowHistoryLenta
************************************************************************************
MySQL kod: 1146 
Message:   Table 'discount.discount_users_event' doesn't exist 
************************************************************************************
VARR: 

q=10053

************************************************************************************

************************************************************************************
Time:            23:08:28 
IP:              127.0.0.1 
HOST:            GPK 
Method:          GET 
REQUEST:         /10053 
REFERER:         http://tooezzy.ru/my-friends 
SCRIPT_FILENAME: Z:/home/tooezzy.ru/www/index.php
PHP FILE:        Z:\home\tooezzy.ru\www\include\ini.users.php
FUNCTION:        ShowHistoryLenta
************************************************************************************
MySQL kod: 1146 
Message:   Table 'discount.discount_users_event' doesn't exist 
************************************************************************************
VARR: 

q=10053

************************************************************************************

************************************************************************************
Time:            23:09:47 
IP:              127.0.0.1 
HOST:            GPK 
Method:          GET 
REQUEST:         /10053 
REFERER:         http://tooezzy.ru/my-calendar 
SCRIPT_FILENAME: Z:/home/tooezzy.ru/www/index.php
PHP FILE:        Z:\home\tooezzy.ru\www\include\ini.users.php
FUNCTION:        ShowHistoryLenta
************************************************************************************
MySQL kod: 1146 
Message:   Table 'discount.discount_users_event' doesn't exist 
************************************************************************************
VARR: 

q=10053

************************************************************************************

************************************************************************************
Time:            23:09:49 
IP:              127.0.0.1 
HOST:            GPK 
Method:          GET 
REQUEST:         /10053 
REFERER:         http://tooezzy.ru/my-calendar 
SCRIPT_FILENAME: Z:/home/tooezzy.ru/www/index.php
PHP FILE:        Z:\home\tooezzy.ru\www\include\ini.users.php
FUNCTION:        ShowHistoryLenta
************************************************************************************
MySQL kod: 1146 
Message:   Table 'discount.discount_users_event' doesn't exist 
************************************************************************************
VARR: 

q=10053

************************************************************************************

************************************************************************************
Time:            23:09:49 
IP:              127.0.0.1 
HOST:            GPK 
Method:          GET 
REQUEST:         /10053 
REFERER:         http://tooezzy.ru/my-calendar 
SCRIPT_FILENAME: Z:/home/tooezzy.ru/www/index.php
PHP FILE:        Z:\home\tooezzy.ru\www\include\ini.users.php
FUNCTION:        ShowHistoryLenta
************************************************************************************
MySQL kod: 1146 
Message:   Table 'discount.discount_users_event' doesn't exist 
************************************************************************************
VARR: 

q=10053

************************************************************************************

************************************************************************************
Time:            23:09:50 
IP:              127.0.0.1 
HOST:            GPK 
Method:          GET 
REQUEST:         /10053 
REFERER:         http://tooezzy.ru/my-calendar 
SCRIPT_FILENAME: Z:/home/tooezzy.ru/www/index.php
PHP FILE:        Z:\home\tooezzy.ru\www\include\ini.users.php
FUNCTION:        ShowHistoryLenta
************************************************************************************
MySQL kod: 1146 
Message:   Table 'discount.discount_users_event' doesn't exist 
************************************************************************************
VARR: 

q=10053

************************************************************************************

************************************************************************************
Time:            23:09:51 
IP:              127.0.0.1 
HOST:            GPK 
Method:          GET 
REQUEST:         /10053 
REFERER:         http://tooezzy.ru/my-calendar 
SCRIPT_FILENAME: Z:/home/tooezzy.ru/www/index.php
PHP FILE:        Z:\home\tooezzy.ru\www\include\ini.users.php
FUNCTION:        ShowHistoryLenta
************************************************************************************
MySQL kod: 1146 
Message:   Table 'discount.discount_users_event' doesn't exist 
************************************************************************************
VARR: 

q=10053

************************************************************************************

************************************************************************************
Time:            23:09:51 
IP:              127.0.0.1 
HOST:            GPK 
Method:          GET 
REQUEST:         /10053 
REFERER:         http://tooezzy.ru/my-calendar 
SCRIPT_FILENAME: Z:/home/tooezzy.ru/www/index.php
PHP FILE:        Z:\home\tooezzy.ru\www\include\ini.users.php
FUNCTION:        ShowHistoryLenta
************************************************************************************
MySQL kod: 1146 
Message:   Table 'discount.discount_users_event' doesn't exist 
************************************************************************************
VARR: 

q=10053

************************************************************************************

************************************************************************************
Time:            23:09:52 
IP:              127.0.0.1 
HOST:            GPK 
Method:          GET 
REQUEST:         /10053 
REFERER:         http://tooezzy.ru/my-calendar 
SCRIPT_FILENAME: Z:/home/tooezzy.ru/www/index.php
PHP FILE:        Z:\home\tooezzy.ru\www\include\ini.users.php
FUNCTION:        ShowHistoryLenta
************************************************************************************
MySQL kod: 1146 
Message:   Table 'discount.discount_users_event' doesn't exist 
************************************************************************************
VARR: 

q=10053

************************************************************************************

************************************************************************************
Time:            23:09:52 
IP:              127.0.0.1 
HOST:            GPK 
Method:          GET 
REQUEST:         /10053 
REFERER:         http://tooezzy.ru/my-calendar 
SCRIPT_FILENAME: Z:/home/tooezzy.ru/www/index.php
PHP FILE:        Z:\home\tooezzy.ru\www\include\ini.users.php
FUNCTION:        ShowHistoryLenta
************************************************************************************
MySQL kod: 1146 
Message:   Table 'discount.discount_users_event' doesn't exist 
************************************************************************************
VARR: 

q=10053

************************************************************************************

************************************************************************************
Time:            23:09:53 
IP:              127.0.0.1 
HOST:            GPK 
Method:          GET 
REQUEST:         /10053 
REFERER:         http://tooezzy.ru/my-calendar 
SCRIPT_FILENAME: Z:/home/tooezzy.ru/www/index.php
PHP FILE:        Z:\home\tooezzy.ru\www\include\ini.users.php
FUNCTION:        ShowHistoryLenta
************************************************************************************
MySQL kod: 1146 
Message:   Table 'discount.discount_users_event' doesn't exist 
************************************************************************************
VARR: 

q=10053

************************************************************************************

************************************************************************************
Time:            23:09:54 
IP:              127.0.0.1 
HOST:            GPK 
Method:          GET 
REQUEST:         /10053 
REFERER:         http://tooezzy.ru/my-calendar 
SCRIPT_FILENAME: Z:/home/tooezzy.ru/www/index.php
PHP FILE:        Z:\home\tooezzy.ru\www\include\ini.users.php
FUNCTION:        ShowHistoryLenta
************************************************************************************
MySQL kod: 1146 
Message:   Table 'discount.discount_users_event' doesn't exist 
************************************************************************************
VARR: 

q=10053

************************************************************************************

************************************************************************************
Time:            23:09:54 
IP:              127.0.0.1 
HOST:            GPK 
Method:          GET 
REQUEST:         /10053 
REFERER:         http://tooezzy.ru/my-calendar 
SCRIPT_FILENAME: Z:/home/tooezzy.ru/www/index.php
PHP FILE:        Z:\home\tooezzy.ru\www\include\ini.users.php
FUNCTION:        ShowHistoryLenta
************************************************************************************
MySQL kod: 1146 
Message:   Table 'discount.discount_users_event' doesn't exist 
************************************************************************************
VARR: 

q=10053

************************************************************************************

************************************************************************************
Time:            23:09:55 
IP:              127.0.0.1 
HOST:            GPK 
Method:          GET 
REQUEST:         /10053 
REFERER:         http://tooezzy.ru/my-calendar 
SCRIPT_FILENAME: Z:/home/tooezzy.ru/www/index.php
PHP FILE:        Z:\home\tooezzy.ru\www\include\ini.users.php
FUNCTION:        ShowHistoryLenta
************************************************************************************
MySQL kod: 1146 
Message:   Table 'discount.discount_users_event' doesn't exist 
************************************************************************************
VARR: 

q=10053

************************************************************************************

************************************************************************************
Time:            23:09:56 
IP:              127.0.0.1 
HOST:            GPK 
Method:          GET 
REQUEST:         /10053 
REFERER:         http://tooezzy.ru/my-calendar 
SCRIPT_FILENAME: Z:/home/tooezzy.ru/www/index.php
PHP FILE:        Z:\home\tooezzy.ru\www\include\ini.users.php
FUNCTION:        ShowHistoryLenta
************************************************************************************
MySQL kod: 1146 
Message:   Table 'discount.discount_users_event' doesn't exist 
************************************************************************************
VARR: 

q=10053

************************************************************************************

************************************************************************************
Time:            23:09:56 
IP:              127.0.0.1 
HOST:            GPK 
Method:          GET 
REQUEST:         /10053 
REFERER:         http://tooezzy.ru/my-calendar 
SCRIPT_FILENAME: Z:/home/tooezzy.ru/www/index.php
PHP FILE:        Z:\home\tooezzy.ru\www\include\ini.users.php
FUNCTION:        ShowHistoryLenta
************************************************************************************
MySQL kod: 1146 
Message:   Table 'discount.discount_users_event' doesn't exist 
************************************************************************************
VARR: 

q=10053

************************************************************************************

************************************************************************************
Time:            23:09:59 
IP:              127.0.0.1 
HOST:            GPK 
Method:          GET 
REQUEST:         /10053 
REFERER:         http://tooezzy.ru/my-calendar 
SCRIPT_FILENAME: Z:/home/tooezzy.ru/www/index.php
PHP FILE:        Z:\home\tooezzy.ru\www\include\ini.users.php
FUNCTION:        ShowHistoryLenta
************************************************************************************
MySQL kod: 1146 
Message:   Table 'discount.discount_users_event' doesn't exist 
************************************************************************************
VARR: 

q=10053

************************************************************************************

************************************************************************************
Time:            23:10:02 
IP:              127.0.0.1 
HOST:            GPK 
Method:          GET 
REQUEST:         /10053 
REFERER:         http://tooezzy.ru/my-calendar 
SCRIPT_FILENAME: Z:/home/tooezzy.ru/www/index.php
PHP FILE:        Z:\home\tooezzy.ru\www\include\ini.users.php
FUNCTION:        ShowHistoryLenta
************************************************************************************
MySQL kod: 1146 
Message:   Table 'discount.discount_users_event' doesn't exist 
************************************************************************************
VARR: 

q=10053

************************************************************************************

************************************************************************************
Time:            23:10:04 
IP:              127.0.0.1 
HOST:            GPK 
Method:          GET 
REQUEST:         /10053 
REFERER:         http://tooezzy.ru/my-calendar 
SCRIPT_FILENAME: Z:/home/tooezzy.ru/www/index.php
PHP FILE:        Z:\home\tooezzy.ru\www\include\ini.users.php
FUNCTION:        ShowHistoryLenta
************************************************************************************
MySQL kod: 1146 
Message:   Table 'discount.discount_users_event' doesn't exist 
************************************************************************************
VARR: 

q=10053

************************************************************************************

************************************************************************************
Time:            23:10:07 
IP:              127.0.0.1 
HOST:            GPK 
Method:          GET 
REQUEST:         /10053 
REFERER:         http://tooezzy.ru/my-calendar 
SCRIPT_FILENAME: Z:/home/tooezzy.ru/www/index.php
PHP FILE:        Z:\home\tooezzy.ru\www\include\ini.users.php
FUNCTION:        ShowHistoryLenta
************************************************************************************
MySQL kod: 1146 
Message:   Table 'discount.discount_users_event' doesn't exist 
************************************************************************************
VARR: 

q=10053

************************************************************************************

