************************************************************************************
Time:            12:35:26 
IP:              127.0.0.1 
HOST:            GPK 
Method:          POST 
REQUEST:         /jquery-notifications 
REFERER:         http://tooezzy.ru/my-calendar 
SCRIPT_FILENAME: Z:/home/tooezzy.ru/www/index.php
PHP FILE:        Z:\home\tooezzy.ru\www\include\ini.translate.php
FUNCTION:        
************************************************************************************
MySQL kod: 1054 
Message:   Unknown column 'discount_uvedomlenie.tiny' in 'where clause' 
************************************************************************************
VARR: 

q=jquery-notifications
user_wp=10053
time=2012-11-17 12:35:15

************************************************************************************

************************************************************************************
Time:            12:37:56 
IP:              127.0.0.1 
HOST:            GPK 
Method:          POST 
REQUEST:         /jquery-notifications 
REFERER:         http://tooeezzy.ru/my-calendar 
SCRIPT_FILENAME: Z:/home/tooeezzy.ru/www/index.php
PHP FILE:        Z:\home\tooeezzy.ru\www\include\ini.translate.php
FUNCTION:        
************************************************************************************
MySQL kod: 1054 
Message:   Unknown column 'discount_uvedomlenie.tiny' in 'where clause' 
************************************************************************************
VARR: 

q=jquery-notifications
user_wp=10000
time=2012-11-17 12:19:44

************************************************************************************

************************************************************************************
Time:            12:38:01 
IP:              127.0.0.1 
HOST:            GPK 
Method:          POST 
REQUEST:         /jquery-notifications 
REFERER:         http://tooeezzy.ru/10000 
SCRIPT_FILENAME: Z:/home/tooeezzy.ru/www/index.php
PHP FILE:        Z:\home\tooeezzy.ru\www\include\ini.translate.php
FUNCTION:        
************************************************************************************
MySQL kod: 1054 
Message:   Unknown column 'discount_uvedomlenie.tiny' in 'where clause' 
************************************************************************************
VARR: 

q=jquery-notifications
user_wp=10000
time=2012-11-17 11:31:30

************************************************************************************

************************************************************************************
Time:            12:38:28 
IP:              127.0.0.1 
HOST:            GPK 
Method:          POST 
REQUEST:         /jquery-notifications 
REFERER:         http://tooeezzy.ru/my-calendar 
SCRIPT_FILENAME: Z:/home/tooeezzy.ru/www/index.php
PHP FILE:        Z:\home\tooeezzy.ru\www\include\ini.translate.php
FUNCTION:        
************************************************************************************
MySQL kod: 1054 
Message:   Unknown column 'discount_uvedomlenie.tiny' in 'where clause' 
************************************************************************************
VARR: 

q=jquery-notifications
user_wp=10000
time=2012-11-17 12:19:44

************************************************************************************

************************************************************************************
Time:            12:38:31 
IP:              127.0.0.1 
HOST:            GPK 
Method:          POST 
REQUEST:         /jquery-notifications 
REFERER:         http://tooeezzy.ru/10000 
SCRIPT_FILENAME: Z:/home/tooeezzy.ru/www/index.php
PHP FILE:        Z:\home\tooeezzy.ru\www\include\ini.translate.php
FUNCTION:        
************************************************************************************
MySQL kod: 1054 
Message:   Unknown column 'discount_uvedomlenie.tiny' in 'where clause' 
************************************************************************************
VARR: 

q=jquery-notifications
user_wp=10000
time=2012-11-17 11:31:30

************************************************************************************

************************************************************************************
Time:            12:38:57 
IP:              127.0.0.1 
HOST:            GPK 
Method:          POST 
REQUEST:         /jquery-notifications 
REFERER:         http://tooeezzy.ru/my-calendar 
SCRIPT_FILENAME: Z:/home/tooeezzy.ru/www/index.php
PHP FILE:        Z:\home\tooeezzy.ru\www\include\ini.translate.php
FUNCTION:        
************************************************************************************
MySQL kod: 1054 
Message:   Unknown column 'discount_uvedomlenie.tiny' in 'where clause' 
************************************************************************************
VARR: 

q=jquery-notifications
user_wp=10000
time=2012-11-17 12:19:44

************************************************************************************

************************************************************************************
Time:            12:39:01 
IP:              127.0.0.1 
HOST:            GPK 
Method:          POST 
REQUEST:         /jquery-notifications 
REFERER:         http://tooeezzy.ru/10000 
SCRIPT_FILENAME: Z:/home/tooeezzy.ru/www/index.php
PHP FILE:        Z:\home\tooeezzy.ru\www\include\ini.translate.php
FUNCTION:        
************************************************************************************
MySQL kod: 1054 
Message:   Unknown column 'discount_uvedomlenie.tiny' in 'where clause' 
************************************************************************************
VARR: 

q=jquery-notifications
user_wp=10000
time=2012-11-17 11:31:30

************************************************************************************

************************************************************************************
Time:            12:39:28 
IP:              127.0.0.1 
HOST:            GPK 
Method:          POST 
REQUEST:         /jquery-notifications 
REFERER:         http://tooeezzy.ru/my-calendar 
SCRIPT_FILENAME: Z:/home/tooeezzy.ru/www/index.php
PHP FILE:        Z:\home\tooeezzy.ru\www\include\ini.translate.php
FUNCTION:        
************************************************************************************
MySQL kod: 1054 
Message:   Unknown column 'discount_uvedomlenie.tiny' in 'where clause' 
************************************************************************************
VARR: 

q=jquery-notifications
user_wp=10000
time=2012-11-17 12:19:44

************************************************************************************

************************************************************************************
Time:            12:39:31 
IP:              127.0.0.1 
HOST:            GPK 
Method:          POST 
REQUEST:         /jquery-notifications 
REFERER:         http://tooeezzy.ru/10000 
SCRIPT_FILENAME: Z:/home/tooeezzy.ru/www/index.php
PHP FILE:        Z:\home\tooeezzy.ru\www\include\ini.translate.php
FUNCTION:        
************************************************************************************
MySQL kod: 1054 
Message:   Unknown column 'discount_uvedomlenie.tiny' in 'where clause' 
************************************************************************************
VARR: 

q=jquery-notifications
user_wp=10000
time=2012-11-17 11:31:30

************************************************************************************

************************************************************************************
Time:            12:39:56 
IP:              127.0.0.1 
HOST:            GPK 
Method:          POST 
REQUEST:         /jquery-notifications 
REFERER:         http://tooeezzy.ru/my-calendar 
SCRIPT_FILENAME: Z:/home/tooeezzy.ru/www/index.php
PHP FILE:        Z:\home\tooeezzy.ru\www\include\ini.translate.php
FUNCTION:        
************************************************************************************
MySQL kod: 1054 
Message:   Unknown column 'discount_uvedomlenie.tiny' in 'where clause' 
************************************************************************************
VARR: 

q=jquery-notifications
user_wp=10000
time=2012-11-17 12:19:44

************************************************************************************

************************************************************************************
Time:            12:40:02 
IP:              127.0.0.1 
HOST:            GPK 
Method:          POST 
REQUEST:         /jquery-notifications 
REFERER:         http://tooeezzy.ru/10000 
SCRIPT_FILENAME: Z:/home/tooeezzy.ru/www/index.php
PHP FILE:        Z:\home\tooeezzy.ru\www\include\ini.translate.php
FUNCTION:        
************************************************************************************
MySQL kod: 1054 
Message:   Unknown column 'discount_uvedomlenie.tiny' in 'where clause' 
************************************************************************************
VARR: 

q=jquery-notifications
user_wp=10000
time=2012-11-17 11:31:30

************************************************************************************

