************************************************************************************
Time:            22:59:58 
IP:              127.0.0.1 
HOST:            GPK 
Method:          POST 
REQUEST:         /pictures/ 
REFERER:          
SCRIPT_FILENAME: Z:/home/tooezzy.ru/www/index.php
PHP FILE:        Z:\home\tooezzy.ru\www\include\ini.country.php
FUNCTION:        Geo
************************************************************************************
MySQL kod: 2006 
Message:   MySQL server has gone away 
************************************************************************************
VARR: 

q=pictures/
logo=a:1:{i:0;a:5:{s:7:"shop_id";s:4:"1001";s:4:"logo";s:36:"26a61fd19e3dfa58e28b0e5a9b237595.jpg";s:1:"w";i:188;s:1:"h";i:101;s:6:"center";b:0;}}

************************************************************************************

************************************************************************************
Time:            22:59:58 
IP:              127.0.0.1 
HOST:            GPK 
Method:          GET 
REQUEST:         /10053 
REFERER:          
SCRIPT_FILENAME: Z:/home/tooezzy.ru/www/index.php
PHP FILE:        Z:\home\tooezzy.ru\www\include\ini.users.php
FUNCTION:        Info_min
************************************************************************************
MySQL kod: 2006 
Message:   MySQL server has gone away 
************************************************************************************
VARR: 

q=10053

************************************************************************************

