************************************************************************************
Time:            11:13:19 
IP:              127.0.0.1 
HOST:            GPK 
Method:          POST 
REQUEST:         /pictures/ 
REFERER:          
SCRIPT_FILENAME: Z:/home/tooezzy.ru/www/index.php
PHP FILE:        Z:\home\tooezzy.ru\www\include\ini.country.php
FUNCTION:        Geo
************************************************************************************
MySQL kod: 2006 
Message:   MySQL server has gone away 
************************************************************************************
VARR: 

q=pictures/
logo=a:1:{i:0;a:5:{s:7:"shop_id";s:4:"1001";s:4:"logo";s:36:"26a61fd19e3dfa58e28b0e5a9b237595.jpg";s:1:"w";i:188;s:1:"h";i:101;s:6:"center";b:0;}}

************************************************************************************

************************************************************************************
Time:            11:13:19 
IP:              127.0.0.1 
HOST:            GPK 
Method:          GET 
REQUEST:         /10053 
REFERER:         http://tooezzy.ru/my-calendar 
SCRIPT_FILENAME: Z:/home/tooezzy.ru/www/index.php
PHP FILE:        Z:\home\tooezzy.ru\www\include\ini.function.php
FUNCTION:        ShowFotoAkcia
************************************************************************************
MySQL kod: 2006 
Message:   MySQL server has gone away 
************************************************************************************
VARR: 

q=10053

************************************************************************************

************************************************************************************
Time:            11:13:20 
IP:              127.0.0.1 
HOST:            GPK 
Method:          GET 
REQUEST:         /10053 
REFERER:         http://tooezzy.ru/my-calendar 
SCRIPT_FILENAME: Z:/home/tooezzy.ru/www/index.php
PHP FILE:        
FUNCTION:        
************************************************************************************
MySQL kod: 2002 
Message:   Подключение не установлено, т.к. конечный компьютер отверг запрос на подключение.
 
************************************************************************************
VARR: 

q=10053

************************************************************************************

************************************************************************************
Time:            12:51:35 
IP:              127.0.0.1 
HOST:            GPK 
Method:          POST 
REQUEST:         /pictures/ 
REFERER:          
SCRIPT_FILENAME: Z:/home/tooezzy.ru/www/index.php
PHP FILE:        Z:\home\tooezzy.ru\www\include\ini.country.php
FUNCTION:        Geo
************************************************************************************
MySQL kod: 2006 
Message:   MySQL server has gone away 
************************************************************************************
VARR: 

q=pictures/
avatar=a:1:{i:0;a:5:{s:7:"user_wp";i:10053;s:6:"avatar";s:43:"avatar_3b7f94ae04f978174afddea10825ec5e.jpg";s:1:"w";i:25;s:1:"h";i:25;s:6:"center";b:0;}}

************************************************************************************

************************************************************************************
Time:            12:51:35 
IP:              127.0.0.1 
HOST:            GPK 
Method:          GET 
REQUEST:         /my-calendar 
REFERER:          
SCRIPT_FILENAME: Z:/home/tooezzy.ru/www/index.php
PHP FILE:        Z:\home\tooezzy.ru\www\include\ini.function.php
FUNCTION:        ShowAvatar
************************************************************************************
MySQL kod: 2006 
Message:   MySQL server has gone away 
************************************************************************************
VARR: 

q=my-calendar

************************************************************************************

